<?xml version="1.0" encoding="UTF-8"?>
<!-- Generated by org.testng.reporters.JUnitXMLReporter -->
<testsuite hostname="LAPTOP-P24V9RNH" ignored="0" tests="4" failures="0" timestamp="30 Oct 2019 15:27:00 GMT" time="28.342" errors="0">
  <testcase name="loginTest" time="0.657" classname="LoginPage"/>
  <testcase name="loginTest" time="0.493" classname="LoginPage"/>
  <testcase name="loginTest" time="0.814" classname="LoginPage"/>
  <testcase name="loginTest" time="0.547" classname="LoginPage"/>
</testsuite>
