<?xml version="1.0" encoding="UTF-8"?>
<!-- Generated by org.testng.reporters.JUnitXMLReporter -->
<testsuite hostname="LAPTOP-P24V9RNH" ignored="0" tests="4" failures="0" timestamp="30 Oct 2019 15:02:03 GMT" time="39.213" errors="0">
  <testcase name="loginTest" time="0.67" classname="LoginPage"/>
  <testcase name="loginTest" time="0.691" classname="LoginPage"/>
  <testcase name="loginTest" time="0.559" classname="LoginPage"/>
  <testcase name="loginTest" time="0.533" classname="LoginPage"/>
</testsuite>
