<?xml version="1.0" encoding="UTF-8"?>
<!-- Generated by org.testng.reporters.JUnitXMLReporter -->
<testsuite hostname="LAPTOP-P24V9RNH" ignored="0" name="Test" tests="4" failures="0" timestamp="30 Oct 2019 15:36:00 GMT" time="28.479" errors="0">
  <testcase name="loginTest" time="0.459" classname="Test.LoginPage"/>
  <testcase name="loginTest" time="0.579" classname="Test.LoginPage"/>
  <testcase name="loginTest" time="0.752" classname="Test.LoginPage"/>
  <testcase name="loginTest" time="0.6" classname="Test.LoginPage"/>
</testsuite> <!-- Test -->
