<?xml version="1.0" encoding="UTF-8"?>
<testng-results skipped="0" failed="0" ignored="0" total="4" passed="4">
  <reporter-output>
  </reporter-output>
  <suite name="Default suite" duration-ms="39213" started-at="2019-10-30T15:01:23Z" finished-at="2019-10-30T15:02:02Z">
    <groups>
    </groups>
    <test name="Default test" duration-ms="39213" started-at="2019-10-30T15:01:23Z" finished-at="2019-10-30T15:02:02Z">
      <class name="LoginPage">
        <test-method status="PASS" signature="setUp()[pri:0, instance:LoginPage@53b32d7]" name="setUp" is-config="true" duration-ms="16384" started-at="2019-10-30T15:01:25Z" finished-at="2019-10-30T15:01:42Z">
          <reporter-output>
          </reporter-output>
        </test-method> <!-- setUp -->
        <test-method status="PASS" signature="loginTest(java.lang.String, java.lang.String)[pri:0, instance:LoginPage@53b32d7]" name="loginTest" duration-ms="670" started-at="2019-10-30T15:01:42Z" data-provider="getData" finished-at="2019-10-30T15:01:42Z">
          <params>
            <param index="0">
              <value>
                <![CDATA[admin@yourstore.com]]>
              </value>
            </param>
            <param index="1">
              <value>
                <![CDATA[admin]]>
              </value>
            </param>
          </params>
          <reporter-output>
          </reporter-output>
        </test-method> <!-- loginTest -->
        <test-method status="PASS" signature="tearDown()[pri:0, instance:LoginPage@53b32d7]" name="tearDown" is-config="true" duration-ms="734" started-at="2019-10-30T15:01:42Z" finished-at="2019-10-30T15:01:43Z">
          <reporter-output>
          </reporter-output>
        </test-method> <!-- tearDown -->
        <test-method status="PASS" signature="setUp()[pri:0, instance:LoginPage@53b32d7]" name="setUp" is-config="true" duration-ms="5078" started-at="2019-10-30T15:01:43Z" finished-at="2019-10-30T15:01:48Z">
          <reporter-output>
          </reporter-output>
        </test-method> <!-- setUp -->
        <test-method status="PASS" signature="loginTest(java.lang.String, java.lang.String)[pri:0, instance:LoginPage@53b32d7]" name="loginTest" duration-ms="691" started-at="2019-10-30T15:01:48Z" data-provider="getData" finished-at="2019-10-30T15:01:49Z">
          <params>
            <param index="0">
              <value>
                <![CDATA[abc@gmail.com]]>
              </value>
            </param>
            <param index="1">
              <value>
                <![CDATA[123456.0]]>
              </value>
            </param>
          </params>
          <reporter-output>
          </reporter-output>
        </test-method> <!-- loginTest -->
        <test-method status="PASS" signature="tearDown()[pri:0, instance:LoginPage@53b32d7]" name="tearDown" is-config="true" duration-ms="680" started-at="2019-10-30T15:01:49Z" finished-at="2019-10-30T15:01:50Z">
          <reporter-output>
          </reporter-output>
        </test-method> <!-- tearDown -->
        <test-method status="PASS" signature="setUp()[pri:0, instance:LoginPage@53b32d7]" name="setUp" is-config="true" duration-ms="5213" started-at="2019-10-30T15:01:50Z" finished-at="2019-10-30T15:01:55Z">
          <reporter-output>
          </reporter-output>
        </test-method> <!-- setUp -->
        <test-method status="PASS" signature="loginTest(java.lang.String, java.lang.String)[pri:0, instance:LoginPage@53b32d7]" name="loginTest" duration-ms="559" started-at="2019-10-30T15:01:55Z" data-provider="getData" finished-at="2019-10-30T15:01:55Z">
          <params>
            <param index="0">
              <value>
                <![CDATA[ptest@gmail.com]]>
              </value>
            </param>
            <param index="1">
              <value>
                <![CDATA[admin123]]>
              </value>
            </param>
          </params>
          <reporter-output>
          </reporter-output>
        </test-method> <!-- loginTest -->
        <test-method status="PASS" signature="tearDown()[pri:0, instance:LoginPage@53b32d7]" name="tearDown" is-config="true" duration-ms="804" started-at="2019-10-30T15:01:55Z" finished-at="2019-10-30T15:01:56Z">
          <reporter-output>
          </reporter-output>
        </test-method> <!-- tearDown -->
        <test-method status="PASS" signature="setUp()[pri:0, instance:LoginPage@53b32d7]" name="setUp" is-config="true" duration-ms="5045" started-at="2019-10-30T15:01:56Z" finished-at="2019-10-30T15:02:01Z">
          <reporter-output>
          </reporter-output>
        </test-method> <!-- setUp -->
        <test-method status="PASS" signature="loginTest(java.lang.String, java.lang.String)[pri:0, instance:LoginPage@53b32d7]" name="loginTest" duration-ms="533" started-at="2019-10-30T15:02:01Z" data-provider="getData" finished-at="2019-10-30T15:02:02Z">
          <params>
            <param index="0">
              <value>
                <![CDATA[admin@yahoo.ca]]>
              </value>
            </param>
            <param index="1">
              <value>
                <![CDATA[admin]]>
              </value>
            </param>
          </params>
          <reporter-output>
          </reporter-output>
        </test-method> <!-- loginTest -->
        <test-method status="PASS" signature="tearDown()[pri:0, instance:LoginPage@53b32d7]" name="tearDown" is-config="true" duration-ms="702" started-at="2019-10-30T15:02:02Z" finished-at="2019-10-30T15:02:02Z">
          <reporter-output>
          </reporter-output>
        </test-method> <!-- tearDown -->
      </class> <!-- LoginPage -->
    </test> <!-- Default test -->
  </suite> <!-- Default suite -->
</testng-results>
