<?xml version="1.0" encoding="UTF-8"?>
<testng-results skipped="0" failed="0" ignored="0" total="4" passed="4">
  <reporter-output>
  </reporter-output>
  <suite name="Suite" duration-ms="28479" started-at="2019-10-30T15:35:31Z" finished-at="2019-10-30T15:36:00Z">
    <groups>
    </groups>
    <test name="Test" duration-ms="28479" started-at="2019-10-30T15:35:31Z" finished-at="2019-10-30T15:36:00Z">
      <class name="Test.LoginPage">
        <test-method status="PASS" signature="setUp()[pri:0, instance:Test.LoginPage@4667ae56]" name="setUp" is-config="true" duration-ms="6428" started-at="2019-10-30T15:35:32Z" finished-at="2019-10-30T15:35:38Z">
          <reporter-output>
          </reporter-output>
        </test-method> <!-- setUp -->
        <test-method status="PASS" signature="loginTest(java.lang.String, java.lang.String)[pri:0, instance:Test.LoginPage@4667ae56]" name="loginTest" duration-ms="459" started-at="2019-10-30T15:35:38Z" data-provider="getData" finished-at="2019-10-30T15:35:39Z">
          <params>
            <param index="0">
              <value>
                <![CDATA[admin@yourstore.com]]>
              </value>
            </param>
            <param index="1">
              <value>
                <![CDATA[admin]]>
              </value>
            </param>
          </params>
          <reporter-output>
          </reporter-output>
        </test-method> <!-- loginTest -->
        <test-method status="PASS" signature="tearDown()[pri:0, instance:Test.LoginPage@4667ae56]" name="tearDown" is-config="true" duration-ms="694" started-at="2019-10-30T15:35:39Z" finished-at="2019-10-30T15:35:39Z">
          <reporter-output>
          </reporter-output>
        </test-method> <!-- tearDown -->
        <test-method status="PASS" signature="setUp()[pri:0, instance:Test.LoginPage@4667ae56]" name="setUp" is-config="true" duration-ms="5032" started-at="2019-10-30T15:35:39Z" finished-at="2019-10-30T15:35:45Z">
          <reporter-output>
          </reporter-output>
        </test-method> <!-- setUp -->
        <test-method status="PASS" signature="loginTest(java.lang.String, java.lang.String)[pri:0, instance:Test.LoginPage@4667ae56]" name="loginTest" duration-ms="579" started-at="2019-10-30T15:35:45Z" data-provider="getData" finished-at="2019-10-30T15:35:45Z">
          <params>
            <param index="0">
              <value>
                <![CDATA[abc@gmail.com]]>
              </value>
            </param>
            <param index="1">
              <value>
                <![CDATA[123456.0]]>
              </value>
            </param>
          </params>
          <reporter-output>
          </reporter-output>
        </test-method> <!-- loginTest -->
        <test-method status="PASS" signature="tearDown()[pri:0, instance:Test.LoginPage@4667ae56]" name="tearDown" is-config="true" duration-ms="701" started-at="2019-10-30T15:35:45Z" finished-at="2019-10-30T15:35:46Z">
          <reporter-output>
          </reporter-output>
        </test-method> <!-- tearDown -->
        <test-method status="PASS" signature="setUp()[pri:0, instance:Test.LoginPage@4667ae56]" name="setUp" is-config="true" duration-ms="4871" started-at="2019-10-30T15:35:46Z" finished-at="2019-10-30T15:35:51Z">
          <reporter-output>
          </reporter-output>
        </test-method> <!-- setUp -->
        <test-method status="PASS" signature="loginTest(java.lang.String, java.lang.String)[pri:0, instance:Test.LoginPage@4667ae56]" name="loginTest" duration-ms="752" started-at="2019-10-30T15:35:51Z" data-provider="getData" finished-at="2019-10-30T15:35:51Z">
          <params>
            <param index="0">
              <value>
                <![CDATA[ptest@gmail.com]]>
              </value>
            </param>
            <param index="1">
              <value>
                <![CDATA[admin123]]>
              </value>
            </param>
          </params>
          <reporter-output>
          </reporter-output>
        </test-method> <!-- loginTest -->
        <test-method status="PASS" signature="tearDown()[pri:0, instance:Test.LoginPage@4667ae56]" name="tearDown" is-config="true" duration-ms="662" started-at="2019-10-30T15:35:51Z" finished-at="2019-10-30T15:35:52Z">
          <reporter-output>
          </reporter-output>
        </test-method> <!-- tearDown -->
        <test-method status="PASS" signature="setUp()[pri:0, instance:Test.LoginPage@4667ae56]" name="setUp" is-config="true" duration-ms="6466" started-at="2019-10-30T15:35:52Z" finished-at="2019-10-30T15:35:59Z">
          <reporter-output>
          </reporter-output>
        </test-method> <!-- setUp -->
        <test-method status="PASS" signature="loginTest(java.lang.String, java.lang.String)[pri:0, instance:Test.LoginPage@4667ae56]" name="loginTest" duration-ms="600" started-at="2019-10-30T15:35:59Z" data-provider="getData" finished-at="2019-10-30T15:35:59Z">
          <params>
            <param index="0">
              <value>
                <![CDATA[admin@yahoo.ca]]>
              </value>
            </param>
            <param index="1">
              <value>
                <![CDATA[admin]]>
              </value>
            </param>
          </params>
          <reporter-output>
          </reporter-output>
        </test-method> <!-- loginTest -->
        <test-method status="PASS" signature="tearDown()[pri:0, instance:Test.LoginPage@4667ae56]" name="tearDown" is-config="true" duration-ms="692" started-at="2019-10-30T15:35:59Z" finished-at="2019-10-30T15:36:00Z">
          <reporter-output>
          </reporter-output>
        </test-method> <!-- tearDown -->
      </class> <!-- Test.LoginPage -->
    </test> <!-- Test -->
  </suite> <!-- Suite -->
</testng-results>
